<?xml version="1.0" encoding="utf-8" standalone="no"?>
<!--This file represents the results of running a test suite-->
<test-results name="C:\Jiri\leergang\tdd\INFITDD.nunit" total="1" errors="1" failures="0" not-run="0" inconclusive="0" ignored="0" skipped="0" invalid="0" date="2012-09-30" time="23:08:54">
  <environment nunit-version="2.6.1.12217" clr-version="2.0.50727.5456" os-version="Microsoft Windows NT 6.1.7601 Service Pack 1" platform="Win32NT" cwd="C:\Program Files (x86)\NUnit 2.6.1\bin" machine-name="INSTAGIB" user="Jiri" user-domain="INFI" />
  <culture-info current-culture="nl-NL" current-uiculture="en-US" />
  <test-suite type="Project" name="C:\Jiri\leergang\tdd\INFITDD.nunit" executed="True" result="Failure" success="False" time="0.827" asserts="0">
    <results>
      <test-suite type="Assembly" name="C:\Jiri\leergang\tdd\INFITDD.Tests\bin\Debug\INFITDD.Tests.dll" executed="True" result="Failure" success="False" time="0.811" asserts="0">
        <results>
          <test-suite type="Namespace" name="INFITDD" executed="True" result="Failure" success="False" time="0.811" asserts="0">
            <results>
              <test-suite type="Namespace" name="Tests" executed="True" result="Failure" success="False" time="0.811" asserts="0">
                <results>
                  <test-suite type="Namespace" name="AcceptanceTests" executed="True" result="Failure" success="False" time="0.811" asserts="0">
                    <results>
                      <test-suite type="TestFixture" name="AccountTests" executed="True" result="Failure" success="False" time="0.811" asserts="0">
                        <results>
                          <test-case name="INFITDD.Tests.AcceptanceTests.AccountTests.Index" executed="True" result="Error" success="False" time="0.796" asserts="0">
                            <failure>
                              <message><![CDATA[System.InvalidOperationException : No connection string named 'TddEntities' could be found in the application config file.]]></message>
                              <stack-trace><![CDATA[at System.Data.Entity.Internal.LazyInternalConnection.get_ConnectionHasModel()
at System.Data.Entity.Internal.LazyInternalContext.InitializeContext()
at System.Data.Entity.Internal.InternalContext.GetEntitySetAndBaseTypeForType(Type entityType)
at System.Data.Entity.Internal.Linq.InternalSet`1.Initialize()
at System.Data.Entity.Internal.Linq.InternalSet`1.get_InternalContext()
at System.Data.Entity.Infrastructure.DbQuery`1.System.Linq.IQueryable.get_Provider()
at System.Linq.Queryable.SingleOrDefault[TSource](IQueryable`1 source, Expression`1 predicate)
at DAL.Repositories.AccountRepository.GetById(Int32 id) in c:\Jiri\leergang\tdd\DAL\Repositories\AccountRepository.cs:line 20
at Application.Services.AccountService.GetById(Int32 id) in c:\Jiri\leergang\tdd\Application\Services\AccountService.cs:line 20
at INFITDD.Controllers.AccountController.Index() in c:\Jiri\leergang\tdd\INFITDD\Controllers\AccountController.cs:line 19
at INFITDD.Tests.AcceptanceTests.AccountTests.Index() in c:\Jiri\leergang\tdd\INFITDD.Tests\AcceptanceTests\AccountTests.cs:line 14
]]></stack-trace>
                            </failure>
                          </test-case>
                        </results>
                      </test-suite>
                    </results>
                  </test-suite>
                </results>
              </test-suite>
            </results>
          </test-suite>
        </results>
      </test-suite>
    </results>
  </test-suite>
</test-results>